<?xml version="1.0" encoding="UTF-8"?>
<testng-results ignored="0" total="2" passed="2" failed="0" skipped="0">
  <reporter-output>
  </reporter-output>
  <suite started-at="2022-05-23T10:31:50 IST" name="Default suite" finished-at="2022-05-23T10:32:35 IST" duration-ms="45173">
    <groups>
      <group name="cucumber">
        <method signature="AbstractTestNGCucumberTests.runScenario(io.cucumber.testng.PickleWrapper,io.cucumber.testng.FeatureWrapper)[pri:0, instance:com.follo.enginerunner.EngineRunner@49049a04]" name="runScenario" class="io.cucumber.testng.AbstractTestNGCucumberTests"/>
      </group> <!-- cucumber -->
    </groups>
    <test started-at="2022-05-23T10:31:50 IST" name="Default test" finished-at="2022-05-23T10:32:35 IST" duration-ms="45173">
      <class name="com.follo.enginerunner.EngineRunner">
        <test-method is-config="true" signature="setUpClass()[pri:0, instance:com.follo.enginerunner.EngineRunner@49049a04]" started-at="2022-05-23T10:31:50 IST" name="setUpClass" finished-at="2022-05-23T10:31:52 IST" duration-ms="1919" status="PASS">
          <reporter-output>
          </reporter-output>
        </test-method> <!-- setUpClass -->
        <test-method signature="runScenario(io.cucumber.testng.PickleWrapper,io.cucumber.testng.FeatureWrapper)[pri:0, instance:com.follo.enginerunner.EngineRunner@49049a04]" started-at="2022-05-23T10:31:52 IST" name="runScenario" description="Runs Cucumber Scenarios" data-provider="scenarios" finished-at="2022-05-23T10:32:11 IST" duration-ms="19455" status="PASS">
          <params>
            <param index="0">
              <value>
                <![CDATA["Launch the app URL and navigate to login page"]]>
              </value>
            </param>
            <param index="1">
              <value>
                <![CDATA["Optional[To verify the Login feature]"]]>
              </value>
            </param>
          </params>
          <reporter-output>
          </reporter-output>
        </test-method> <!-- runScenario -->
        <test-method signature="runScenario(io.cucumber.testng.PickleWrapper,io.cucumber.testng.FeatureWrapper)[pri:0, instance:com.follo.enginerunner.EngineRunner@49049a04]" started-at="2022-05-23T10:32:11 IST" name="runScenario" description="Runs Cucumber Scenarios" data-provider="scenarios" finished-at="2022-05-23T10:32:28 IST" duration-ms="16632" status="PASS">
          <params>
            <param index="0">
              <value>
                <![CDATA["Entering the login credentials"]]>
              </value>
            </param>
            <param index="1">
              <value>
                <![CDATA["Optional[To verify the Login feature]"]]>
              </value>
            </param>
          </params>
          <reporter-output>
          </reporter-output>
        </test-method> <!-- runScenario -->
        <test-method is-config="true" signature="tearDownClass()[pri:0, instance:com.follo.enginerunner.EngineRunner@49049a04]" started-at="2022-05-23T10:32:28 IST" name="tearDownClass" finished-at="2022-05-23T10:32:35 IST" duration-ms="7075" status="PASS">
          <reporter-output>
          </reporter-output>
        </test-method> <!-- tearDownClass -->
      </class> <!-- com.follo.enginerunner.EngineRunner -->
    </test> <!-- Default test -->
  </suite> <!-- Default suite -->
</testng-results>
